<?xml version="1.0" encoding="UTF-8"?>
<!-- Generated by org.testng.reporters.JUnitXMLReporter -->
<testsuite hostname="AQMIT-DSK-10298" ignored="0" name="Default test" tests="1" failures="1" timestamp="2021-08-21T11:11:10 IST" time="0.069" errors="0">
  <testcase name="@BeforeSuite beforeSuite" time="-1.629524470053E9" classname="testRunner.TestExecutionSuite">
    <failure type="org.testng.TestNGException" message="
Parameter &amp;apos;LoBName&amp;apos; is required by BeforeSuite on method beforeSuite but has not been marked @Optional or defined
in D:\Users\WFH.AQMIT-DSK-10298\AppData\Local\Temp\testng-eclipse-644635819\testng-customsuite.xml">
      <![CDATA[org.testng.TestNGException: 
Parameter 'LoBName' is required by BeforeSuite on method beforeSuite but has not been marked @Optional or defined
in D:\Users\WFH.AQMIT-DSK-10298\AppData\Local\Temp\testng-eclipse-644635819\testng-customsuite.xml
at org.testng.internal.Parameters.createParams(Parameters.java:268)
at org.testng.internal.Parameters.createParametersForMethod(Parameters.java:356)
at org.testng.internal.Parameters.createParameters(Parameters.java:700)
at org.testng.internal.Parameters.createConfigurationParameters(Parameters.java:166)
at org.testng.internal.ConfigInvoker.invokeConfigurations(ConfigInvoker.java:301)
at org.testng.SuiteRunner.privateRun(SuiteRunner.java:327)
at org.testng.SuiteRunner.run(SuiteRunner.java:286)
at org.testng.SuiteRunnerWorker.runSuite(SuiteRunnerWorker.java:53)
at org.testng.SuiteRunnerWorker.run(SuiteRunnerWorker.java:96)
at org.testng.TestNG.runSuitesSequentially(TestNG.java:1218)
at org.testng.TestNG.runSuitesLocally(TestNG.java:1140)
at org.testng.TestNG.runSuites(TestNG.java:1069)
at org.testng.TestNG.run(TestNG.java:1037)
at org.testng.remote.AbstractRemoteTestNG.run(AbstractRemoteTestNG.java:115)
at org.testng.remote.RemoteTestNG.initAndRun(RemoteTestNG.java:251)
at org.testng.remote.RemoteTestNG.main(RemoteTestNG.java:77)
]]>
    </failure>
  </testcase> <!-- @BeforeSuite beforeSuite -->
  <testcase name="@AfterClass tearDown" time="-1.629524470304E9" classname="testRunner.TestExecutionSuite">
    <skipped/>
  </testcase> <!-- @AfterClass tearDown -->
  <testcase name="executionSuite" time="0.0" classname="testRunner.TestExecutionSuite">
    <failure type="org.testng.TestNGException" message="
Parameter &amp;apos;ScenarioID&amp;apos; is required by @Test on method executionSuite but has not been marked @Optional or defined
in D:\Users\WFH.AQMIT-DSK-10298\AppData\Local\Temp\testng-eclipse-644635819\testng-customsuite.xml">
      <![CDATA[org.testng.TestNGException: 
Parameter 'ScenarioID' is required by @Test on method executionSuite but has not been marked @Optional or defined
in D:\Users\WFH.AQMIT-DSK-10298\AppData\Local\Temp\testng-eclipse-644635819\testng-customsuite.xml
at org.testng.internal.Parameters.createParams(Parameters.java:268)
at org.testng.internal.Parameters.createParametersForMethod(Parameters.java:356)
at org.testng.internal.Parameters.createParameters(Parameters.java:700)
at org.testng.internal.Parameters.handleParameters(Parameters.java:875)
at org.testng.internal.Parameters.handleParameters(Parameters.java:740)
at org.testng.internal.ParameterHandler.handleParameters(ParameterHandler.java:59)
at org.testng.internal.ParameterHandler.createParameters(ParameterHandler.java:38)
at org.testng.internal.TestInvoker$MethodInvocationAgent.invoke(TestInvoker.java:789)
at org.testng.internal.TestInvoker.invokeTestMethods(TestInvoker.java:147)
at org.testng.internal.TestMethodWorker.invokeTestMethods(TestMethodWorker.java:146)
at org.testng.internal.TestMethodWorker.run(TestMethodWorker.java:128)
at java.util.ArrayList.forEach(Unknown Source)
at org.testng.TestRunner.privateRun(TestRunner.java:764)
at org.testng.TestRunner.run(TestRunner.java:585)
at org.testng.SuiteRunner.runTest(SuiteRunner.java:384)
at org.testng.SuiteRunner.runSequentially(SuiteRunner.java:378)
at org.testng.SuiteRunner.privateRun(SuiteRunner.java:337)
at org.testng.SuiteRunner.run(SuiteRunner.java:286)
at org.testng.SuiteRunnerWorker.runSuite(SuiteRunnerWorker.java:53)
at org.testng.SuiteRunnerWorker.run(SuiteRunnerWorker.java:96)
at org.testng.TestNG.runSuitesSequentially(TestNG.java:1218)
at org.testng.TestNG.runSuitesLocally(TestNG.java:1140)
at org.testng.TestNG.runSuites(TestNG.java:1069)
at org.testng.TestNG.run(TestNG.java:1037)
at org.testng.remote.AbstractRemoteTestNG.run(AbstractRemoteTestNG.java:115)
at org.testng.remote.RemoteTestNG.initAndRun(RemoteTestNG.java:251)
at org.testng.remote.RemoteTestNG.main(RemoteTestNG.java:77)
]]>
    </failure>
  </testcase> <!-- executionSuite -->
</testsuite> <!-- Default test -->
